Total messages: 59 (Errors: 53, Warnings: 3)
Returning 53 messages for level "error"

[ERROR] Failed to load resource: the server responded with a status of 401 () @ https://backend-eight-chi-54.vercel.app/api/grupos?limit=500:0
[ERROR] Failed to load resource: the server responded with a status of 401 () @ https://backend-eight-chi-54.vercel.app/api/notificaciones?usuarioId=1:0
[ERROR] Failed to load resource: the server responded with a status of 401 () @ https://backend-eight-chi-54.vercel.app/api/mensajes?tipo=conversaciones:0
[ERROR] Failed to load resource: the server responded with a status of 401 () @ https://backend-eight-chi-54.vercel.app/api/mensajes?tipo=conversaciones:0
[ERROR] Failed to load resource: the server responded with a status of 401 () @ https://backend-eight-chi-54.vercel.app/api/mensajes?tipo=conversaciones:0
[ERROR] Failed to load resource: the server responded with a status of 401 () @ https://backend-eight-chi-54.vercel.app/api/mensajes?tipo=conversaciones:0
[ERROR] Failed to load resource: the server responded with a status of 401 () @ https://backend-eight-chi-54.vercel.app/api/mensajes?tipo=conversaciones:0
[ERROR] Failed to load resource: the server responded with a status of 401 () @ https://backend-eight-chi-54.vercel.app/api/mensajes?tipo=conversaciones:0
[ERROR] Failed to load resource: the server responded with a status of 401 () @ https://backend-eight-chi-54.vercel.app/api/mensajes?tipo=conversaciones:0
[ERROR] Failed to load resource: the server responded with a status of 401 () @ https://backend-eight-chi-54.vercel.app/api/mensajes?tipo=conversaciones:0
[ERROR] Failed to load resource: the server responded with a status of 401 () @ https://backend-eight-chi-54.vercel.app/api/mensajes?tipo=conversaciones:0
[ERROR] Failed to load resource: the server responded with a status of 401 () @ https://backend-eight-chi-54.vercel.app/api/mensajes?tipo=conversaciones:0
[ERROR] Failed to load resource: the server responded with a status of 401 () @ https://backend-eight-chi-54.vercel.app/api/mensajes?tipo=conversaciones:0
[ERROR] Failed to load resource: the server responded with a status of 401 () @ https://backend-eight-chi-54.vercel.app/api/mensajes?tipo=conversaciones:0
[ERROR] Failed to load resource: the server responded with a status of 401 () @ https://backend-eight-chi-54.vercel.app/api/mensajes?tipo=conversaciones:0
[ERROR] Failed to load resource: the server responded with a status of 401 () @ https://backend-eight-chi-54.vercel.app/api/mensajes?tipo=conversaciones:0
[ERROR] Failed to load resource: the server responded with a status of 401 () @ https://backend-eight-chi-54.vercel.app/api/mensajes?tipo=conversaciones:0
[ERROR] Failed to load resource: the server responded with a status of 401 () @ https://backend-eight-chi-54.vercel.app/api/mensajes?tipo=conversaciones:0
[ERROR] Failed to load resource: the server responded with a status of 401 () @ https://backend-eight-chi-54.vercel.app/api/mensajes?tipo=conversaciones:0
[ERROR] Failed to load resource: the server responded with a status of 401 () @ https://backend-eight-chi-54.vercel.app/api/mensajes?tipo=conversaciones:0
[ERROR] Failed to load resource: the server responded with a status of 401 () @ https://backend-eight-chi-54.vercel.app/api/mensajes?tipo=conversaciones:0
[ERROR] Failed to load resource: the server responded with a status of 401 () @ https://backend-eight-chi-54.vercel.app/api/mensajes?tipo=conversaciones:0
[ERROR] Failed to load resource: the server responded with a status of 401 () @ https://backend-eight-chi-54.vercel.app/api/mensajes?tipo=conversaciones:0
[ERROR] Failed to load resource: the server responded with a status of 401 () @ https://backend-eight-chi-54.vercel.app/api/mensajes?tipo=conversaciones:0
[ERROR] Failed to load resource: the server responded with a status of 401 () @ https://backend-eight-chi-54.vercel.app/api/mensajes?tipo=conversaciones:0
[ERROR] Failed to load resource: the server responded with a status of 401 () @ https://backend-eight-chi-54.vercel.app/api/mensajes?tipo=conversaciones:0
[ERROR] Failed to load resource: the server responded with a status of 401 () @ https://backend-eight-chi-54.vercel.app/api/mensajes?tipo=conversaciones:0
[ERROR] Failed to load resource: the server responded with a status of 401 () @ https://backend-eight-chi-54.vercel.app/api/mensajes?tipo=conversaciones:0
[ERROR] Failed to load resource: the server responded with a status of 401 () @ https://backend-eight-chi-54.vercel.app/api/mensajes?tipo=conversaciones:0
[ERROR] Failed to load resource: the server responded with a status of 401 () @ https://backend-eight-chi-54.vercel.app/api/mensajes?tipo=conversaciones:0
[ERROR] Failed to load resource: the server responded with a status of 401 () @ https://backend-eight-chi-54.vercel.app/api/mensajes?tipo=conversaciones:0
[ERROR] Failed to load resource: the server responded with a status of 401 () @ https://backend-eight-chi-54.vercel.app/api/mensajes?tipo=conversaciones:0
[ERROR] Failed to load resource: the server responded with a status of 401 () @ https://backend-eight-chi-54.vercel.app/api/mensajes?tipo=conversaciones:0
[ERROR] Failed to load resource: the server responded with a status of 401 () @ https://backend-eight-chi-54.vercel.app/api/mensajes?tipo=conversaciones:0
[ERROR] Failed to load resource: the server responded with a status of 401 () @ https://backend-eight-chi-54.vercel.app/api/mensajes?tipo=conversaciones:0
[ERROR] Failed to load resource: the server responded with a status of 401 () @ https://backend-eight-chi-54.vercel.app/api/mensajes?tipo=conversaciones:0
[ERROR] Failed to load resource: the server responded with a status of 401 () @ https://backend-eight-chi-54.vercel.app/api/mensajes?tipo=conversaciones:0
[ERROR] Failed to load resource: the server responded with a status of 401 () @ https://backend-eight-chi-54.vercel.app/api/mensajes?tipo=conversaciones:0
[ERROR] Failed to load resource: the server responded with a status of 401 () @ https://backend-eight-chi-54.vercel.app/api/mensajes?tipo=conversaciones:0
[ERROR] Failed to load resource: the server responded with a status of 401 () @ https://backend-eight-chi-54.vercel.app/api/mensajes?tipo=conversaciones:0
[ERROR] Failed to load resource: the server responded with a status of 401 () @ https://backend-eight-chi-54.vercel.app/api/mensajes?tipo=conversaciones:0
[ERROR] Failed to load resource: the server responded with a status of 401 () @ https://backend-eight-chi-54.vercel.app/api/mensajes?tipo=conversaciones:0
[ERROR] Failed to load resource: the server responded with a status of 401 () @ https://backend-eight-chi-54.vercel.app/api/mensajes?tipo=conversaciones:0
[ERROR] Failed to load resource: the server responded with a status of 401 () @ https://backend-eight-chi-54.vercel.app/api/mensajes?tipo=conversaciones:0
[ERROR] Failed to load resource: the server responded with a status of 401 () @ https://backend-eight-chi-54.vercel.app/api/mensajes?tipo=conversaciones:0
[ERROR] Failed to load resource: the server responded with a status of 401 () @ https://backend-eight-chi-54.vercel.app/api/mensajes?tipo=conversaciones:0
[ERROR] Failed to load resource: the server responded with a status of 401 () @ https://backend-eight-chi-54.vercel.app/api/mensajes?tipo=conversaciones:0
[ERROR] Failed to load resource: the server responded with a status of 401 () @ https://backend-eight-chi-54.vercel.app/api/mensajes?tipo=conversaciones:0
[ERROR] Failed to load resource: the server responded with a status of 401 () @ https://backend-eight-chi-54.vercel.app/api/mensajes?tipo=conversaciones:0
[ERROR] Failed to load resource: the server responded with a status of 401 () @ https://backend-eight-chi-54.vercel.app/api/mensajes?tipo=conversaciones:0
[ERROR] Failed to load resource: the server responded with a status of 401 () @ https://backend-eight-chi-54.vercel.app/api/mensajes?tipo=conversaciones:0
[ERROR] Failed to load resource: the server responded with a status of 401 () @ https://backend-eight-chi-54.vercel.app/api/mensajes?tipo=conversaciones:0
[ERROR] Failed to load resource: the server responded with a status of 401 () @ https://backend-eight-chi-54.vercel.app/api/mensajes?tipo=conversaciones:0